# JRE version: Java(TM) SE Runtime Environment (8.0_121-b13) (build 1.8.0_121-b13)
# Java VM: Java HotSpot(TM) 64-Bit Server VM (25.121-b13 mixed mode windows-amd64 compressed oops)
Heap:
 PSYoungGen      total 576512K, used 273768K [0x00000000d5580000, 0x0000000100000000, 0x0000000100000000)
  eden space 448000K, 51% used [0x00000000d5580000,0x00000000e36f4040,0x00000000f0b00000)
  from space 128512K, 33% used [0x00000000f8280000,0x00000000fac66138,0x0000000100000000)
  to   space 122368K, 0% used [0x00000000f0b00000,0x00000000f0b00000,0x00000000f8280000)
 ParOldGen       total 448512K, used 207876K [0x0000000080000000, 0x000000009b600000, 0x00000000d5580000)
  object space 448512K, 46% used [0x0000000080000000,0x000000008cb01238,0x000000009b600000)
 Metaspace       used 218482K, capacity 235616K, committed 237568K, reserved 1255424K
  class space    used 28559K, capacity 31966K, committed 32512K, reserved 1048576K
GC Heap History (10 events):
Event: 1652.521 GC heap before
{Heap before GC invocations=42 (full 5):
 PSYoungGen      total 598016K, used 580172K [0x00000000d5580000, 0x0000000100000000, 0x0000000100000000)
  eden space 511488K, 100% used [0x00000000d5580000,0x00000000f4900000,0x00000000f4900000)
  from space 86528K, 79% used [0x00000000fab80000,0x00000000fee93268,0x0000000100000000)
  to   space 93696K, 0% used [0x00000000f4900000,0x00000000f4900000,0x00000000fa480000)
 ParOldGen       total 321024K, used 218672K [0x0000000080000000, 0x0000000093980000, 0x00000000d5580000)
  object space 321024K, 68% used [0x0000000080000000,0x000000008d58c200,0x0000000093980000)
 Metaspace       used 201623K, capacity 219494K, committed 219776K, reserved 1239040K
  class space    used 26689K, capacity 30217K, committed 30336K, reserved 1048576K
Event: 1652.562 GC heap after
Heap after GC invocations=42 (full 5):
 PSYoungGen      total 582656K, used 71091K [0x00000000d5580000, 0x0000000100000000, 0x0000000100000000)
  eden space 511488K, 0% used [0x00000000d5580000,0x00000000d5580000,0x00000000f4900000)
  from space 71168K, 99% used [0x00000000f4900000,0x00000000f8e6cc30,0x00000000f8e80000)
  to   space 100352K, 0% used [0x00000000f9e00000,0x00000000f9e00000,0x0000000100000000)
 ParOldGen       total 321024K, used 218680K [0x0000000080000000, 0x0000000093980000, 0x00000000d5580000)
  object space 321024K, 68% used [0x0000000080000000,0x000000008d58e200,0x0000000093980000)
 Metaspace       used 201623K, capacity 219494K, committed 219776K, reserved 1239040K
  class space    used 26689K, capacity 30217K, committed 30336K, reserved 1048576K
}
Event: 1682.727 GC heap before
{Heap before GC invocations=43 (full 5):
 PSYoungGen      total 582656K, used 582579K [0x00000000d5580000, 0x0000000100000000, 0x0000000100000000)
  eden space 511488K, 100% used [0x00000000d5580000,0x00000000f4900000,0x00000000f4900000)
  from space 71168K, 99% used [0x00000000f4900000,0x00000000f8e6cc30,0x00000000f8e80000)
  to   space 100352K, 0% used [0x00000000f9e00000,0x00000000f9e00000,0x0000000100000000)
 ParOldGen       total 321024K, used 218680K [0x0000000080000000, 0x0000000093980000, 0x00000000d5580000)
  object space 321024K, 68% used [0x0000000080000000,0x000000008d58e200,0x0000000093980000)
 Metaspace       used 212265K, capacity 230212K, committed 230528K, reserved 1249280K
  class space    used 27969K, capacity 31558K, committed 31616K, reserved 1048576K
Event: 1682.782 GC heap after
Heap after GC invocations=43 (full 5):
 PSYoungGen      total 559616K, used 100344K [0x00000000d5580000, 0x0000000100000000, 0x0000000100000000)
  eden space 459264K, 0% used [0x00000000d5580000,0x00000000d5580000,0x00000000f1600000)
  from space 100352K, 99% used [0x00000000f9e00000,0x00000000ffffe320,0x0000000100000000)
  to   space 119808K, 0% used [0x00000000f1600000,0x00000000f1600000,0x00000000f8b00000)
 ParOldGen       total 321024K, used 228713K [0x0000000080000000, 0x0000000093980000, 0x00000000d5580000)
  object space 321024K, 71% used [0x0000000080000000,0x000000008df5a490,0x0000000093980000)
 Metaspace       used 212265K, capacity 230212K, committed 230528K, reserved 1249280K
  class space    used 27969K, capacity 31558K, committed 31616K, reserved 1048576K
}
Event: 1686.342 GC heap before
{Heap before GC invocations=44 (full 5):
 PSYoungGen      total 559616K, used 559608K [0x00000000d5580000, 0x0000000100000000, 0x0000000100000000)
  eden space 459264K, 100% used [0x00000000d5580000,0x00000000f1600000,0x00000000f1600000)
  from space 100352K, 99% used [0x00000000f9e00000,0x00000000ffffe320,0x0000000100000000)
  to   space 119808K, 0% used [0x00000000f1600000,0x00000000f1600000,0x00000000f8b00000)
 ParOldGen       total 321024K, used 228713K [0x0000000080000000, 0x0000000093980000, 0x00000000d5580000)
  object space 321024K, 71% used [0x0000000080000000,0x000000008df5a490,0x0000000093980000)
 Metaspace       used 219068K, capacity 237386K, committed 237568K, reserved 1255424K
  class space    used 28763K, capacity 32407K, committed 32512K, reserved 1048576K
Event: 1686.415 GC heap after
Heap after GC invocations=44 (full 5):
 PSYoungGen      total 550912K, used 91470K [0x00000000d5580000, 0x0000000100000000, 0x0000000100000000)
  eden space 459264K, 0% used [0x00000000d5580000,0x00000000d5580000,0x00000000f1600000)
  from space 91648K, 99% used [0x00000000f1600000,0x00000000f6f53960,0x00000000f6f80000)
  to   space 128512K, 0% used [0x00000000f8280000,0x00000000f8280000,0x0000000100000000)
 ParOldGen       total 321024K, used 279028K [0x0000000080000000, 0x0000000093980000, 0x00000000d5580000)
  object space 321024K, 86% used [0x0000000080000000,0x000000009107d308,0x0000000093980000)
 Metaspace       used 219068K, capacity 237386K, committed 237568K, reserved 1255424K
  class space    used 28763K, capacity 32407K, committed 32512K, reserved 1048576K
}
Event: 1686.415 GC heap before
{Heap before GC invocations=45 (full 6):
 PSYoungGen      total 550912K, used 91470K [0x00000000d5580000, 0x0000000100000000, 0x0000000100000000)
  eden space 459264K, 0% used [0x00000000d5580000,0x00000000d5580000,0x00000000f1600000)
  from space 91648K, 99% used [0x00000000f1600000,0x00000000f6f53960,0x00000000f6f80000)
  to   space 128512K, 0% used [0x00000000f8280000,0x00000000f8280000,0x0000000100000000)
 ParOldGen       total 321024K, used 279028K [0x0000000080000000, 0x0000000093980000, 0x00000000d5580000)
  object space 321024K, 86% used [0x0000000080000000,0x000000009107d308,0x0000000093980000)
 Metaspace       used 219068K, capacity 237386K, committed 237568K, reserved 1255424K
  class space    used 28763K, capacity 32407K, committed 32512K, reserved 1048576K
Event: 1686.841 GC heap after
Heap after GC invocations=45 (full 6):
 PSYoungGen      total 550912K, used 0K [0x00000000d5580000, 0x0000000100000000, 0x0000000100000000)
  eden space 459264K, 0% used [0x00000000d5580000,0x00000000d5580000,0x00000000f1600000)
  from space 91648K, 0% used [0x00000000f1600000,0x00000000f1600000,0x00000000f6f80000)
  to   space 128512K, 0% used [0x00000000f8280000,0x00000000f8280000,0x0000000100000000)
 ParOldGen       total 448512K, used 207868K [0x0000000080000000, 0x000000009b600000, 0x00000000d5580000)
  object space 448512K, 46% used [0x0000000080000000,0x000000008caff238,0x000000009b600000)
 Metaspace       used 218424K, capacity 235536K, committed 237568K, reserved 1255424K
  class space    used 28551K, capacity 31958K, committed 32512K, reserved 1048576K
}
Event: 1687.719 GC heap before
{Heap before GC invocations=46 (full 6):
 PSYoungGen      total 550912K, used 459264K [0x00000000d5580000, 0x0000000100000000, 0x0000000100000000)
  eden space 459264K, 100% used [0x00000000d5580000,0x00000000f1600000,0x00000000f1600000)
  from space 91648K, 0% used [0x00000000f1600000,0x00000000f1600000,0x00000000f6f80000)
  to   space 128512K, 0% used [0x00000000f8280000,0x00000000f8280000,0x0000000100000000)
 ParOldGen       total 448512K, used 207868K [0x0000000080000000, 0x000000009b600000, 0x00000000d5580000)
  object space 448512K, 46% used [0x0000000080000000,0x000000008caff238,0x000000009b600000)
 Metaspace       used 218471K, capacity 235602K, committed 237568K, reserved 1255424K
  class space    used 28558K, capacity 31965K, committed 32512K, reserved 1048576K
Event: 1687.750 GC heap after
Heap after GC invocations=46 (full 6):
 PSYoungGen      total 576512K, used 42904K [0x00000000d5580000, 0x0000000100000000, 0x0000000100000000)
  eden space 448000K, 0% used [0x00000000d5580000,0x00000000d5580000,0x00000000f0b00000)
  from space 128512K, 33% used [0x00000000f8280000,0x00000000fac66138,0x0000000100000000)
  to   space 122368K, 0% used [0x00000000f0b00000,0x00000000f0b00000,0x00000000f8280000)
 ParOldGen       total 448512K, used 207876K [0x0000000080000000, 0x000000009b600000, 0x00000000d5580000)
  object space 448512K, 46% used [0x0000000080000000,0x000000008cb01238,0x000000009b600000)
 Metaspace       used 218471K, capacity 235602K, committed 237568K, reserved 1255424K
  class space    used 28558K, capacity 31965K, committed 32512K, reserved 1048576K
}

